TN:
SF:src\controllers\auth.controller.js
FN:2,(anonymous_0)
FN:6,(anonymous_1)
FN:18,(anonymous_2)
FNF:3
FNH:3
FNDA:6,(anonymous_0)
FNDA:2,(anonymous_1)
FNDA:4,(anonymous_2)
DA:3,6
DA:6,6
DA:7,2
DA:8,2
DA:10,2
DA:12,1
DA:14,1
DA:18,6
DA:19,4
DA:20,4
DA:21,4
DA:23,3
DA:28,3
DA:34,3
DA:36,1
LF:15
LH:15
BRDA:26,0,0,3
BRDA:26,0,1,3
BRDA:31,1,0,3
BRDA:31,1,1,3
BRF:4
BRH:4
end_of_record
TN:
SF:src\services\auth.service.js
FN:12,(anonymous_0)
FN:16,(anonymous_1)
FN:20,(anonymous_2)
FN:57,(anonymous_3)
FNF:4
FNH:4
FNDA:9,(anonymous_0)
FNDA:2,(anonymous_1)
FNDA:7,(anonymous_2)
FNDA:2,(anonymous_3)
DA:6,1
DA:13,9
DA:17,2
DA:20,9
DA:21,7
DA:22,7
DA:23,1
DA:25,6
DA:26,1
DA:28,5
DA:29,1
DA:31,4
DA:32,2
DA:33,1
DA:35,1
DA:36,1
DA:37,1
DA:38,1
DA:48,6
DA:49,6
DA:50,2
DA:51,1
DA:53,1
DA:57,9
DA:58,2
DA:59,2
DA:60,1
DA:62,1
DA:63,1
DA:65,1
DA:67,1
LF:31
LH:31
BRDA:7,0,0,1
BRDA:7,0,1,1
BRDA:8,1,0,1
BRDA:8,1,1,1
BRDA:16,2,0,1
BRDA:22,3,0,1
BRDA:22,3,1,6
BRDA:22,4,0,7
BRDA:22,4,1,6
BRDA:22,4,2,6
BRDA:25,5,0,1
BRDA:25,5,1,5
BRDA:28,6,0,1
BRDA:28,6,1,4
BRDA:32,7,0,1
BRDA:32,7,1,1
BRDA:35,8,0,1
BRDA:35,8,1,0
BRDA:49,9,0,4
BRDA:49,9,1,2
BRDA:50,10,0,1
BRDA:50,10,1,1
BRDA:59,11,0,1
BRDA:59,11,1,1
BRDA:59,12,0,2
BRDA:59,12,1,1
BRF:26
BRH:25
end_of_record
TN:
SF:src\utils\errorHandler.js
FN:2,(anonymous_0)
FNF:1
FNH:1
FNDA:16,(anonymous_0)
DA:3,16
DA:4,16
DA:5,16
LF:3
LH:3
BRF:0
BRH:0
end_of_record
TN:
SF:src\utils\regex.js
FN:1,passwordRegex
FN:6,clientIdRegex
FNF:2
FNH:2
FNDA:5,passwordRegex
FNDA:6,clientIdRegex
DA:2,5
DA:3,5
DA:7,6
DA:8,6
LF:4
LH:4
BRF:0
BRH:0
end_of_record
